<?xml version="1.0" encoding="UTF-8"?>
<!-- Generated by org.testng.reporters.JUnitReportReporter -->
<testsuite hostname="Enthrall_IT" failures="0" tests="4" name="pages.HomePageTest" time="15.601" errors="0" timestamp="2022-07-05T09:58:25 EDT" skipped="0">
  <testcase classname="pages.HomePageTest" name="logoTest" time="4.388"/>
  <system-out/>
  <testcase classname="pages.HomePageTest" name="titleTest" time="3.740"/>
  <system-out/>
  <testcase classname="pages.HomePageTest" name="userIdTest" time="4.217"/>
  <system-out/>
  <testcase classname="pages.HomePageTest" name="loginButtonTest" time="3.256"/>
  <system-out/>
</testsuite> <!-- pages.HomePageTest -->
